http://bigdata.edu360.cn/laozhao
http://bigdata.edu360.cn/laozhao
http://bigdata.edu360.cn/laozhao
http://bigdata.edu360.cn/laowang
http://bigdata.edu360.cn/laozhao
http://bigdata.edu360.cn/laozhao
http://java.edu360.cn/zhangshan
http://java.edu360.cn/laowang
http://java.edu360.cn/zhangshan
http://java.edu360.cn/zhangshan
http://java.edu360.cn/zhangshan
http://java.edu360.cn/zhangshan
http://java.edu360.cn/laowang
http://java.edu360.cn/zhangshan
http://java.edu360.cn/zhangshan
http://java.edu360.cn/laowang
http://java.edu360.cn/laowang
http://java.edu360.cn/zhangshan
http://scala.edu360.cn/lisi
http://scala.edu360.cn/lisi
http://scala.edu360.cn/lisi
http://scala.edu360.cn/lisi
http://react.edu360.cn/wangwu
http://react.edu360.cn/wangwu
http://react.edu360.cn/wangwu
http://react.edu360.cn/wangwu
http://flink.edu360.cn/zhaoliu
http://flink.edu360.cn/zhaoliu
http://flink.edu360.cn/zhaoliu
http://flink.edu360.cn/zhaoliu
http://flink.edu360.cn/zhaoliu
http://flink.edu360.cn/zhaoliu
http://flink.edu360.cn/zhaoliu
http://flink.edu360.cn/zhaoliu
http://flink.edu360.cn/zhaoliu
http://flink.edu360.cn/zhaoliu
http://flink.edu360.cn/zhaoliu
http://flink.edu360.cn/zhaoliu
http://flink.edu360.cn/zhaoliu
http://flink.edu360.cn/laoliu
http://flink.edu360.cn/laoliu
http://flink.edu360.cn/laoliu
http://flink.edu360.cn/laoliu
http://flink.edu360.cn/zhaoliu
http://flink.edu360.cn/zhaoliu
http://flink.edu360.cn/zhaoliu
http://flink.edu360.cn/zhaoliu
http://flink.edu360.cn/zhaoliu
http://spark.edu360.cn/tianqi
http://spark.edu360.cn/tianqi
http://spark.edu360.cn/tianqi